L 09/11/2016 - 14:46:22: SourceMod error session started
L 09/11/2016 - 14:46:22: Info (map "ge_archives") (file "errors_20160911.log")
L 09/11/2016 - 14:46:22: [SM] Unable to load extension "steamtools.ext": libvstdlib_srv.so: cannot open shared object file: No such file or directory
L 09/11/2016 - 14:46:22: [admin-flatfile.smx] Error(s) detected parsing addons/sourcemod/configs/admins_simple.ini
L 09/11/2016 - 14:46:22: [admin-flatfile.smx]  (line 39) Invalid flag detected: :
L 09/11/2016 - 14:46:22: [admin-flatfile.smx]  (line 39) Invalid flag detected: 	
L 09/11/2016 - 14:46:22: [admin-flatfile.smx]  (line 39) Invalid flag detected: 	
L 09/11/2016 - 14:46:22: [admin-flatfile.smx]  (line 39) Invalid flag detected: /
L 09/11/2016 - 14:46:22: [admin-flatfile.smx]  (line 39) Invalid flag detected: /
L 09/11/2016 - 14:46:22: [admin-flatfile.smx]  (line 39) Invalid flag detected: P
L 09/11/2016 - 14:50:22: SourceMod error session started
L 09/11/2016 - 14:50:22: Info (map "ge_archives") (file "errors_20160911.log")
L 09/11/2016 - 14:50:22: [SM] Unable to load extension "steamtools.ext": libvstdlib_srv.so: cannot open shared object file: No such file or directory
L 09/11/2016 - 14:50:22: [admin-flatfile.smx] Error(s) detected parsing addons/sourcemod/configs/admins_simple.ini
L 09/11/2016 - 14:50:22: [admin-flatfile.smx]  (line 39) Invalid flag detected: :
L 09/11/2016 - 14:50:22: [admin-flatfile.smx]  (line 39) Invalid flag detected: 	
L 09/11/2016 - 14:50:22: [admin-flatfile.smx]  (line 39) Invalid flag detected: 	
L 09/11/2016 - 14:50:22: [admin-flatfile.smx]  (line 39) Invalid flag detected: /
L 09/11/2016 - 14:50:22: [admin-flatfile.smx]  (line 39) Invalid flag detected: /
L 09/11/2016 - 14:50:22: [admin-flatfile.smx]  (line 39) Invalid flag detected: P
L 09/11/2016 - 15:07:25: SourceMod error session started
L 09/11/2016 - 15:07:25: Info (map "ge_archives") (file "errors_20160911.log")
L 09/11/2016 - 15:07:25: [SM] Unable to load extension "steamtools.ext": libvstdlib_srv.so: cannot open shared object file: No such file or directory
L 09/11/2016 - 15:07:25: [admin-flatfile.smx] Error(s) detected parsing addons/sourcemod/configs/admins_simple.ini
L 09/11/2016 - 15:07:25: [admin-flatfile.smx]  (line 39) Invalid flag detected: :
L 09/11/2016 - 15:07:25: [admin-flatfile.smx]  (line 39) Invalid flag detected: 	
L 09/11/2016 - 15:07:25: [admin-flatfile.smx]  (line 39) Invalid flag detected: 	
L 09/11/2016 - 15:07:25: [admin-flatfile.smx]  (line 39) Invalid flag detected: /
L 09/11/2016 - 15:07:25: [admin-flatfile.smx]  (line 39) Invalid flag detected: /
L 09/11/2016 - 15:07:25: [admin-flatfile.smx]  (line 39) Invalid flag detected: P
L 09/11/2016 - 15:08:32: SourceMod error session started
L 09/11/2016 - 15:08:32: Info (map "ge_archives") (file "errors_20160911.log")
L 09/11/2016 - 15:08:32: [SM] Unable to load extension "steamtools.ext": libvstdlib_srv.so: cannot open shared object file: No such file or directory
L 09/11/2016 - 15:08:32: [admin-flatfile.smx] Error(s) detected parsing addons/sourcemod/configs/admins_simple.ini
L 09/11/2016 - 15:08:32: [admin-flatfile.smx]  (line 39) Invalid flag detected: :
L 09/11/2016 - 15:08:32: [admin-flatfile.smx]  (line 39) Invalid flag detected: 	
L 09/11/2016 - 15:08:32: [admin-flatfile.smx]  (line 39) Invalid flag detected: 	
L 09/11/2016 - 15:08:32: [admin-flatfile.smx]  (line 39) Invalid flag detected: /
L 09/11/2016 - 15:08:32: [admin-flatfile.smx]  (line 39) Invalid flag detected: /
L 09/11/2016 - 15:08:32: [admin-flatfile.smx]  (line 39) Invalid flag detected: P
L 09/11/2016 - 17:07:37: SourceMod error session started
L 09/11/2016 - 17:07:37: Info (map "ge_archives") (file "errors_20160911.log")
L 09/11/2016 - 17:07:37: [SM] Unable to load extension "steamtools.ext": libvstdlib_srv.so: cannot open shared object file: No such file or directory
L 09/11/2016 - 17:07:37: [admin-flatfile.smx] Error(s) detected parsing addons/sourcemod/configs/admins_simple.ini
L 09/11/2016 - 17:07:37: [admin-flatfile.smx]  (line 39) Invalid flag detected: :
L 09/11/2016 - 17:07:37: [admin-flatfile.smx]  (line 39) Invalid flag detected: 	
L 09/11/2016 - 17:07:37: [admin-flatfile.smx]  (line 39) Invalid flag detected: 	
L 09/11/2016 - 17:07:37: [admin-flatfile.smx]  (line 39) Invalid flag detected: /
L 09/11/2016 - 17:07:37: [admin-flatfile.smx]  (line 39) Invalid flag detected: /
L 09/11/2016 - 17:07:37: [admin-flatfile.smx]  (line 39) Invalid flag detected: P
