L 09/11/2016 - 14:46:22: SourceMod log file session started (file "L20160911.log") (Version "1.9.0.5921")
L 09/11/2016 - 14:46:22: -------- Mapchange to ge_archives --------
L 09/11/2016 - 14:46:22: [GEOIP] GeoIP database info: GEO-106FREE 20160607 Build 1 Copyright (c) 2016 MaxMind 
L 09/11/2016 - 14:46:23: [UPDATER] Successfully updated gamedata file "sm-cstrike.games/game.csgo.txt"
L 09/11/2016 - 14:46:23: [UPDATER] Successfully updated gamedata file "core.games/engine.swarm.txt"
L 09/11/2016 - 14:46:23: [UPDATER] Successfully updated gamedata file "core.games/game.dinodday.txt"
L 09/11/2016 - 14:46:23: [UPDATER] Successfully updated gamedata file "core.games/master.games.txt"
L 09/11/2016 - 14:46:23: [UPDATER] Successfully updated gamedata file "core.games/common.games.txt"
L 09/11/2016 - 14:46:23: [UPDATER] Successfully updated gamedata file "sdkhooks.games/game.doi.txt"
L 09/11/2016 - 14:46:23: [UPDATER] Successfully updated gamedata file "sdkhooks.games/game.gesource.txt"
L 09/11/2016 - 14:46:23: [UPDATER] Successfully updated gamedata file "sdkhooks.games/game.dinodday.txt"
L 09/11/2016 - 14:46:23: [UPDATER] Successfully updated gamedata file "sdkhooks.games/master.games.txt"
L 09/11/2016 - 14:46:23: [UPDATER] Successfully updated gamedata file "sdkhooks.games/engine.insurgency.txt"
L 09/11/2016 - 14:46:23: [UPDATER] Successfully updated gamedata file "sm-tf2.games.txt"
L 09/11/2016 - 14:46:23: [UPDATER] Successfully updated gamedata file "sdktools.games/game.doi.txt"
L 09/11/2016 - 14:46:23: [UPDATER] Successfully updated gamedata file "sdktools.games/game.gesource.txt"
L 09/11/2016 - 14:46:23: [UPDATER] Successfully updated gamedata file "sdktools.games/game.dinodday.txt"
L 09/11/2016 - 14:46:23: [UPDATER] Successfully updated gamedata file "sdktools.games/master.games.txt"
L 09/11/2016 - 14:46:23: [UPDATER] Successfully updated gamedata file "sdktools.games/engine.insurgency.txt"
L 09/11/2016 - 14:46:23: [UPDATER] SourceMod has been updated, please reload it or restart your server.
L 09/11/2016 - 14:50:22: SourceMod log file session started (file "L20160911.log") (Version "1.9.0.5921")
L 09/11/2016 - 14:50:22: -------- Mapchange to ge_archives --------
L 09/11/2016 - 14:50:22: [GEOIP] GeoIP database info: GEO-106FREE 20160607 Build 1 Copyright (c) 2016 MaxMind 
L 09/11/2016 - 15:07:25: SourceMod log file session started (file "L20160911.log") (Version "1.9.0.5921")
L 09/11/2016 - 15:07:25: -------- Mapchange to ge_archives --------
L 09/11/2016 - 15:07:25: [GEOIP] GeoIP database info: GEO-106FREE 20160607 Build 1 Copyright (c) 2016 MaxMind 
L 09/11/2016 - 15:08:32: SourceMod log file session started (file "L20160911.log") (Version "1.9.0.5921")
L 09/11/2016 - 15:08:32: -------- Mapchange to ge_archives --------
L 09/11/2016 - 15:08:32: [GEOIP] GeoIP database info: GEO-106FREE 20160607 Build 1 Copyright (c) 2016 MaxMind 
L 09/11/2016 - 17:07:37: SourceMod log file session started (file "L20160911.log") (Version "1.9.0.5921")
L 09/11/2016 - 17:07:37: -------- Mapchange to ge_archives --------
L 09/11/2016 - 17:07:37: [GEOIP] GeoIP database info: GEO-106FREE 20160607 Build 1 Copyright (c) 2016 MaxMind 
