L 10/30/2016 - 00:06:06: SourceMod log file session started (file "L20161030.log") (Version "1.9.0.5921")
L 10/30/2016 - 00:06:06: -------- Mapchange to ge_transition --------
L 10/30/2016 - 00:06:08: -------- Mapchange to ge_complex --------
L 10/30/2016 - 00:22:01: -------- Mapchange to ge_cradle --------
L 10/30/2016 - 00:37:54: -------- Mapchange to ge_bunker_classic --------
L 10/30/2016 - 00:53:47: -------- Mapchange to ge_library_classic --------
L 10/30/2016 - 01:09:40: -------- Mapchange to ge_egyptian --------
L 10/30/2016 - 01:25:33: -------- Mapchange to ge_bunker_classic --------
L 10/30/2016 - 01:41:26: -------- Mapchange to ge_caves --------
L 10/30/2016 - 01:57:19: -------- Mapchange to ge_cradle --------
L 10/30/2016 - 02:13:12: -------- Mapchange to ge_transition --------
L 10/30/2016 - 02:13:14: -------- Mapchange to ge_bunker --------
L 10/30/2016 - 02:29:07: -------- Mapchange to ge_transition --------
L 10/30/2016 - 02:29:08: -------- Mapchange to ge_complex --------
L 10/30/2016 - 02:45:01: -------- Mapchange to ge_transition --------
L 10/30/2016 - 02:45:03: -------- Mapchange to ge_bunker --------
L 10/30/2016 - 03:00:56: -------- Mapchange to ge_caves --------
L 10/30/2016 - 03:16:50: -------- Mapchange to ge_egyptian --------
L 10/30/2016 - 03:32:42: -------- Mapchange to ge_transition --------
L 10/30/2016 - 03:32:44: -------- Mapchange to ge_archives --------
L 10/30/2016 - 03:48:37: -------- Mapchange to ge_facility_classic --------
L 10/30/2016 - 04:04:30: -------- Mapchange to ge_cradle --------
L 10/30/2016 - 04:20:23: -------- Mapchange to ge_archives --------
L 10/30/2016 - 04:36:16: -------- Mapchange to ge_caves --------
L 10/30/2016 - 04:52:10: -------- Mapchange to ge_archives --------
L 10/30/2016 - 05:08:03: -------- Mapchange to ge_library_classic --------
L 10/30/2016 - 05:23:55: -------- Mapchange to ge_facility_classic --------
L 10/30/2016 - 05:39:49: -------- Mapchange to ge_bunker --------
L 10/30/2016 - 05:55:42: -------- Mapchange to ge_transition --------
L 10/30/2016 - 05:55:43: -------- Mapchange to ge_complex --------
L 10/30/2016 - 06:11:36: -------- Mapchange to ge_facility_classic --------
L 10/30/2016 - 06:27:30: -------- Mapchange to ge_bunker --------
L 10/30/2016 - 06:43:23: -------- Mapchange to ge_transition --------
L 10/30/2016 - 06:43:24: -------- Mapchange to ge_archives --------
L 10/30/2016 - 06:59:17: -------- Mapchange to ge_library_classic --------
L 10/30/2016 - 07:15:10: -------- Mapchange to ge_bunker --------
L 10/30/2016 - 07:31:04: -------- Mapchange to ge_transition --------
L 10/30/2016 - 07:31:05: -------- Mapchange to ge_facility --------
L 10/30/2016 - 07:46:58: -------- Mapchange to ge_cradle --------
L 10/30/2016 - 08:02:51: -------- Mapchange to ge_bunker_classic --------
L 10/30/2016 - 08:18:44: -------- Mapchange to ge_cradle --------
L 10/30/2016 - 08:34:37: -------- Mapchange to ge_caves --------
L 10/30/2016 - 08:50:30: -------- Mapchange to ge_facility_classic --------
L 10/30/2016 - 09:06:23: -------- Mapchange to ge_egyptian --------
L 10/30/2016 - 09:22:17: -------- Mapchange to ge_complex --------
L 10/30/2016 - 09:38:10: -------- Mapchange to ge_cradle --------
L 10/30/2016 - 09:54:03: -------- Mapchange to ge_archives --------
L 10/30/2016 - 10:09:56: -------- Mapchange to ge_caves --------
L 10/30/2016 - 10:25:49: -------- Mapchange to ge_archives --------
L 10/30/2016 - 10:41:42: -------- Mapchange to ge_transition --------
L 10/30/2016 - 10:41:44: -------- Mapchange to ge_bunker --------
L 10/30/2016 - 10:57:37: -------- Mapchange to ge_transition --------
L 10/30/2016 - 10:57:39: -------- Mapchange to ge_complex --------
L 10/30/2016 - 11:13:32: -------- Mapchange to ge_archives --------
L 10/30/2016 - 11:29:25: -------- Mapchange to ge_facility --------
L 10/30/2016 - 11:45:18: -------- Mapchange to ge_transition --------
L 10/30/2016 - 11:45:20: -------- Mapchange to ge_bunker --------
L 10/30/2016 - 12:01:13: -------- Mapchange to ge_transition --------
L 10/30/2016 - 12:01:14: -------- Mapchange to ge_archives --------
L 10/30/2016 - 12:17:07: -------- Mapchange to ge_transition --------
L 10/30/2016 - 12:17:09: -------- Mapchange to ge_basement --------
L 10/30/2016 - 12:33:02: -------- Mapchange to ge_bunker_classic --------
L 10/30/2016 - 12:48:55: -------- Mapchange to ge_complex --------
L 10/30/2016 - 13:04:48: -------- Mapchange to ge_basement --------
L 10/30/2016 - 13:20:41: -------- Mapchange to ge_transition --------
L 10/30/2016 - 13:20:43: -------- Mapchange to ge_archives --------
L 10/30/2016 - 13:36:36: -------- Mapchange to ge_facility --------
L 10/30/2016 - 13:52:29: -------- Mapchange to ge_complex --------
L 10/30/2016 - 14:08:22: -------- Mapchange to ge_transition --------
L 10/30/2016 - 14:08:23: -------- Mapchange to ge_bunker --------
L 10/30/2016 - 14:24:17: -------- Mapchange to ge_transition --------
L 10/30/2016 - 14:24:18: -------- Mapchange to ge_egyptian --------
L 10/30/2016 - 14:40:11: -------- Mapchange to ge_transition --------
L 10/30/2016 - 14:40:13: -------- Mapchange to ge_basement --------
