L 10/29/2016 - 00:15:53: SourceMod log file session started (file "L20161029.log") (Version "1.9.0.5921")
L 10/29/2016 - 00:15:53: -------- Mapchange to ge_cradle --------
L 10/29/2016 - 00:31:46: -------- Mapchange to ge_basement --------
L 10/29/2016 - 00:47:41: -------- Mapchange to ge_transition --------
L 10/29/2016 - 00:47:43: -------- Mapchange to ge_archives --------
L 10/29/2016 - 01:03:36: -------- Mapchange to ge_facility --------
L 10/29/2016 - 01:19:29: -------- Mapchange to ge_egyptian --------
L 10/29/2016 - 01:35:22: -------- Mapchange to ge_library_classic --------
L 10/29/2016 - 01:51:15: -------- Mapchange to ge_cradle --------
L 10/29/2016 - 02:07:08: -------- Mapchange to ge_facility --------
L 10/29/2016 - 02:23:01: -------- Mapchange to ge_library_classic --------
L 10/29/2016 - 02:38:54: -------- Mapchange to ge_bunker --------
L 10/29/2016 - 02:54:48: -------- Mapchange to ge_caves --------
L 10/29/2016 - 03:10:44: -------- Mapchange to ge_complex --------
L 10/29/2016 - 03:26:37: -------- Mapchange to ge_caves --------
L 10/29/2016 - 03:42:30: -------- Mapchange to ge_library_classic --------
L 10/29/2016 - 03:58:23: -------- Mapchange to ge_complex --------
L 10/29/2016 - 04:14:16: -------- Mapchange to ge_basement --------
L 10/29/2016 - 04:30:09: -------- Mapchange to ge_library_classic --------
L 10/29/2016 - 04:46:02: -------- Mapchange to ge_bunker_classic --------
L 10/29/2016 - 05:01:55: -------- Mapchange to ge_temple_classic --------
L 10/29/2016 - 05:17:48: -------- Mapchange to ge_bunker --------
L 10/29/2016 - 05:33:41: -------- Mapchange to ge_facility_classic --------
L 10/29/2016 - 05:49:34: -------- Mapchange to ge_bunker --------
L 10/29/2016 - 06:05:28: -------- Mapchange to ge_library_classic --------
L 10/29/2016 - 06:21:21: -------- Mapchange to ge_bunker --------
L 10/29/2016 - 06:37:14: -------- Mapchange to ge_temple_classic --------
L 10/29/2016 - 06:53:07: -------- Mapchange to ge_bunker_classic --------
L 10/29/2016 - 07:09:00: -------- Mapchange to ge_caves --------
L 10/29/2016 - 07:24:53: -------- Mapchange to ge_complex --------
L 10/29/2016 - 07:40:46: -------- Mapchange to ge_caves --------
L 10/29/2016 - 07:56:40: -------- Mapchange to ge_complex --------
L 10/29/2016 - 08:12:33: -------- Mapchange to ge_cradle --------
L 10/29/2016 - 08:28:25: -------- Mapchange to ge_transition --------
L 10/29/2016 - 08:28:27: -------- Mapchange to ge_bunker --------
L 10/29/2016 - 08:44:20: -------- Mapchange to ge_transition --------
L 10/29/2016 - 08:44:22: -------- Mapchange to ge_cradle --------
L 10/29/2016 - 09:00:15: -------- Mapchange to ge_complex --------
L 10/29/2016 - 09:16:08: -------- Mapchange to ge_cradle --------
L 10/29/2016 - 09:32:01: -------- Mapchange to ge_basement --------
L 10/29/2016 - 09:47:54: -------- Mapchange to ge_cradle --------
L 10/29/2016 - 10:03:47: -------- Mapchange to ge_facility_classic --------
L 10/29/2016 - 10:19:40: -------- Mapchange to ge_bunker --------
L 10/29/2016 - 10:35:34: -------- Mapchange to ge_library_classic --------
L 10/29/2016 - 10:51:27: -------- Mapchange to ge_cradle --------
L 10/29/2016 - 11:07:20: -------- Mapchange to ge_egyptian --------
L 10/29/2016 - 11:23:13: -------- Mapchange to ge_caves --------
L 10/29/2016 - 11:39:06: -------- Mapchange to ge_complex --------
L 10/29/2016 - 11:54:59: -------- Mapchange to ge_transition --------
L 10/29/2016 - 11:55:01: -------- Mapchange to ge_bunker --------
L 10/29/2016 - 12:10:54: -------- Mapchange to ge_transition --------
L 10/29/2016 - 12:10:56: -------- Mapchange to ge_complex --------
L 10/29/2016 - 12:26:49: -------- Mapchange to ge_archives --------
L 10/29/2016 - 12:42:42: -------- Mapchange to ge_caves --------
L 10/29/2016 - 12:58:35: -------- Mapchange to ge_archives --------
L 10/29/2016 - 13:14:29: -------- Mapchange to ge_complex --------
L 10/29/2016 - 13:30:22: -------- Mapchange to ge_archives --------
L 10/29/2016 - 13:46:15: -------- Mapchange to ge_complex --------
L 10/29/2016 - 14:02:08: -------- Mapchange to ge_library_classic --------
L 10/29/2016 - 14:18:01: -------- Mapchange to ge_complex --------
L 10/29/2016 - 14:33:54: -------- Mapchange to ge_facility --------
L 10/29/2016 - 14:49:47: -------- Mapchange to ge_facility_classic --------
L 10/29/2016 - 15:05:40: -------- Mapchange to ge_cradle --------
L 10/29/2016 - 15:21:33: -------- Mapchange to ge_caves --------
L 10/29/2016 - 15:37:27: -------- Mapchange to ge_bunker --------
L 10/29/2016 - 15:53:20: -------- Mapchange to ge_bunker_classic --------
L 10/29/2016 - 16:09:13: -------- Mapchange to ge_bunker --------
L 10/29/2016 - 16:25:06: -------- Mapchange to ge_transition --------
L 10/29/2016 - 16:25:08: -------- Mapchange to ge_complex --------
L 10/29/2016 - 16:41:01: -------- Mapchange to ge_library_classic --------
L 10/29/2016 - 16:56:54: -------- Mapchange to ge_bunker_classic --------
L 10/29/2016 - 17:12:47: -------- Mapchange to ge_archives --------
L 10/29/2016 - 17:28:40: -------- Mapchange to ge_transition --------
L 10/29/2016 - 17:28:42: -------- Mapchange to ge_bunker --------
L 10/29/2016 - 17:44:35: -------- Mapchange to ge_transition --------
L 10/29/2016 - 17:44:36: -------- Mapchange to ge_basement --------
L 10/29/2016 - 18:00:30: -------- Mapchange to ge_complex --------
L 10/29/2016 - 18:16:23: -------- Mapchange to ge_basement --------
L 10/29/2016 - 18:32:16: -------- Mapchange to ge_transition --------
L 10/29/2016 - 18:32:17: -------- Mapchange to ge_bunker --------
L 10/29/2016 - 18:48:10: -------- Mapchange to ge_transition --------
L 10/29/2016 - 18:48:12: -------- Mapchange to ge_archives --------
L 10/29/2016 - 19:04:05: -------- Mapchange to ge_transition --------
L 10/29/2016 - 19:04:06: -------- Mapchange to ge_basement --------
L 10/29/2016 - 19:19:59: -------- Mapchange to ge_facility --------
L 10/29/2016 - 19:35:52: -------- Mapchange to ge_transition --------
L 10/29/2016 - 19:35:54: -------- Mapchange to ge_bunker --------
L 10/29/2016 - 19:51:47: -------- Mapchange to ge_transition --------
L 10/29/2016 - 19:51:49: -------- Mapchange to ge_egyptian --------
L 10/29/2016 - 20:07:42: -------- Mapchange to ge_temple_classic --------
L 10/29/2016 - 20:23:35: -------- Mapchange to ge_bunker_classic --------
L 10/29/2016 - 20:39:28: -------- Mapchange to ge_cradle --------
L 10/29/2016 - 20:55:21: -------- Mapchange to ge_egyptian --------
L 10/29/2016 - 21:11:14: -------- Mapchange to ge_transition --------
L 10/29/2016 - 21:11:15: -------- Mapchange to ge_basement --------
L 10/29/2016 - 21:27:09: -------- Mapchange to ge_complex --------
L 10/29/2016 - 21:43:02: -------- Mapchange to ge_temple_classic --------
L 10/29/2016 - 21:58:55: -------- Mapchange to ge_bunker --------
L 10/29/2016 - 22:14:48: -------- Mapchange to ge_transition --------
L 10/29/2016 - 22:14:50: -------- Mapchange to ge_cradle --------
L 10/29/2016 - 22:30:42: -------- Mapchange to ge_transition --------
L 10/29/2016 - 22:30:44: -------- Mapchange to ge_bunker --------
L 10/29/2016 - 22:46:37: -------- Mapchange to ge_bunker_classic --------
L 10/29/2016 - 23:02:31: -------- Mapchange to ge_bunker --------
L 10/29/2016 - 23:18:24: -------- Mapchange to ge_transition --------
L 10/29/2016 - 23:18:25: -------- Mapchange to ge_cradle --------
L 10/29/2016 - 23:34:19: -------- Mapchange to ge_egyptian --------
L 10/29/2016 - 23:50:11: -------- Mapchange to ge_transition --------
L 10/29/2016 - 23:50:13: -------- Mapchange to ge_bunker --------
